[debug] [2023-02-27T03:36:10.616Z] ----------------------------------------------------------------------
[debug] [2023-02-27T03:36:10.620Z] Command:       C:\Program Files\nodejs\node.exe C:\Users\Rudranil Banerjee\AppData\Roaming\npm\node_modules\firebase-tools\lib\bin\firebase.js init
[debug] [2023-02-27T03:36:10.621Z] CLI Version:   11.24.0
[debug] [2023-02-27T03:36:10.622Z] Platform:      win32
[debug] [2023-02-27T03:36:10.622Z] Node Version:  v18.13.0
[debug] [2023-02-27T03:36:10.624Z] Time:          Mon Feb 27 2023 09:06:10 GMT+0530 (India Standard Time)
[debug] [2023-02-27T03:36:10.625Z] ----------------------------------------------------------------------
[debug] 
[debug] [2023-02-27T03:36:10.639Z] > command requires scopes: ["email","openid","https://www.googleapis.com/auth/cloudplatformprojects.readonly","https://www.googleapis.com/auth/firebase","https://www.googleapis.com/auth/cloud-platform"]
[debug] [2023-02-27T03:36:10.640Z] > authorizing via signed-in user (rudranilbanerjee192@gmail.com)
[info] 
     ######## #### ########  ######## ########     ###     ######  ########
     ##        ##  ##     ## ##       ##     ##  ##   ##  ##       ##
     ######    ##  ########  ######   ########  #########  ######  ######
     ##        ##  ##    ##  ##       ##     ## ##     ##       ## ##
     ##       #### ##     ## ######## ########  ##     ##  ######  ########

You're about to initialize a Firebase project in this directory:

  D:\React Project\WhatsApp-Clone

[info] 
=== Project Setup
[info] 
[info] First, let's associate this project directory with a Firebase project.
[info] You can create multiple project aliases by running firebase use --add, 
[info] but for now we'll just set up a default project.
[info] 
[debug] [2023-02-27T03:37:33.517Z] >>> [apiv2][query] GET https://firebase.googleapis.com/v1beta1/projects pageSize=100
[debug] [2023-02-27T03:37:34.413Z] <<< [apiv2][status] GET https://firebase.googleapis.com/v1beta1/projects 200
[debug] [2023-02-27T03:37:34.414Z] <<< [apiv2][body] GET https://firebase.googleapis.com/v1beta1/projects [omitted]
[info] i  Using project whatsapp-ade79 (whatsapp) 
[info] 
=== Hosting Setup
[info] 
[info] Your public directory is the folder (relative to your project directory) that
[info] will contain Hosting assets to be uploaded with firebase deploy. If you
[info] have a build process for your assets, use your build's output directory.
[info] 
[debug] [2023-02-27T03:45:23.114Z] >>> [apiv2][query] GET https://www.gstatic.com/firebasejs/releases.json [none]
[debug] [2023-02-27T03:45:23.385Z] <<< [apiv2][status] GET https://www.gstatic.com/firebasejs/releases.json 200
[debug] [2023-02-27T03:45:23.385Z] <<< [apiv2][body] GET https://www.gstatic.com/firebasejs/releases.json {"current":{"version":"9.17.1","browserURL":"https://www.gstatic.com/firebasejs/9.17.1/firebase.js","packageURL":"https://www.gstatic.com/firebasejs/9.17.1/firebase.tgz"},"live":{"version":"9.17","browserURL":"https://www.gstatic.com/firebasejs/live/9.17/firebase.js","packageURL":"https://www.gstatic.com/firebasejs/live/9.17/firebase.tgz"},"components":{"analytics":"https://www.gstatic.com/firebasejs/9.17.1/firebase-analytics.js","app":"https://www.gstatic.com/firebasejs/9.17.1/firebase-app.js","app-check":"https://www.gstatic.com/firebasejs/9.17.1/firebase-app-check.js","auth":"https://www.gstatic.com/firebasejs/9.17.1/firebase-auth.js","auth/cordova":"https://www.gstatic.com/firebasejs/9.17.1/firebase-auth/cordova.js","auth/react-native":"https://www.gstatic.com/firebasejs/9.17.1/firebase-auth/react-native.js","functions":"https://www.gstatic.com/firebasejs/9.17.1/firebase-functions.js","firestore":"https://www.gstatic.com/firebasejs/9.17.1/firebase-firestore.js","firestore/lite":"https://www.gstatic.com/firebasejs/9.17.1/firebase-firestore/lite.js","installations":"https://www.gstatic.com/firebasejs/9.17.1/firebase-installations.js","storage":"https://www.gstatic.com/firebasejs/9.17.1/firebase-storage.js","performance":"https://www.gstatic.com/firebasejs/9.17.1/firebase-performance.js","remote-config":"https://www.gstatic.com/firebasejs/9.17.1/firebase-remote-config.js","messaging":"https://www.gstatic.com/firebasejs/9.17.1/firebase-messaging.js","messaging/sw":"https://www.gstatic.com/firebasejs/9.17.1/firebase-messaging/sw.js","database":"https://www.gstatic.com/firebasejs/9.17.1/firebase-database.js","firestore.memory":"https://www.gstatic.com/firebasejs/9.17.1/firebase-firestore.memory.js"}}
[info] +  Wrote Y/index.html 
[info] 
[info] i  Detected a .git folder at D:\React Project\WhatsApp-Clone 
[info] i  Authorizing with GitHub to upload your service account to a GitHub repository's secrets store. 
[info] 
[info] Visit this URL on this device to log in:
[info] https://github.com/login/oauth/authorize?client_id=89cf50f02ac6aaed3484&state=909800607&redirect_uri=http%3A%2F%2Flocalhost%3A9005&scope=read%3Auser%20repo%20public_repo
[info] 
[info] Waiting for authentication...
[debug] [2023-02-27T03:45:41.776Z] >>> [apiv2][query] POST https://github.com/login/oauth/access_token [none]
[debug] [2023-02-27T03:45:41.777Z] >>> [apiv2][body] POST https://github.com/login/oauth/access_token [stream]
[debug] [2023-02-27T03:45:42.300Z] <<< [apiv2][status] POST https://github.com/login/oauth/access_token 200
[debug] [2023-02-27T03:45:42.300Z] <<< [apiv2][body] POST https://github.com/login/oauth/access_token {"access_token":"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","token_type":"bearer","scope":"read:user,repo"}
[debug] [2023-02-27T03:45:42.334Z] >>> [apiv2][query] GET https://api.github.com/user [none]
[debug] [2023-02-27T03:45:42.851Z] <<< [apiv2][status] GET https://api.github.com/user 200
[debug] [2023-02-27T03:45:42.852Z] <<< [apiv2][body] GET https://api.github.com/user {"login":"rudranilbanerjee","id":105772744,"node_id":"U_kgDOBk32yA","avatar_url":"https://avatars.githubusercontent.com/u/105772744?v=4","gravatar_id":"","url":"https://api.github.com/users/rudranilbanerjee","html_url":"https://github.com/rudranilbanerjee","followers_url":"https://api.github.com/users/rudranilbanerjee/followers","following_url":"https://api.github.com/users/rudranilbanerjee/following{/other_user}","gists_url":"https://api.github.com/users/rudranilbanerjee/gists{/gist_id}","starred_url":"https://api.github.com/users/rudranilbanerjee/starred{/owner}{/repo}","subscriptions_url":"https://api.github.com/users/rudranilbanerjee/subscriptions","organizations_url":"https://api.github.com/users/rudranilbanerjee/orgs","repos_url":"https://api.github.com/users/rudranilbanerjee/repos","events_url":"https://api.github.com/users/rudranilbanerjee/events{/privacy}","received_events_url":"https://api.github.com/users/rudranilbanerjee/received_events","type":"User","site_admin":false,"name":"Rudranil Banerjee","company":null,"blog":"https://rudranil-portfolio.netlify.app/","location":"Kolkata, West Bengal, India","email":null,"hireable":null,"bio":"Web developer || Web designer || Java || HTML5 || CSS3 || Javasctript || PHP || MYSQL","twitter_username":null,"public_repos":24,"public_gists":0,"followers":0,"following":0,"created_at":"2022-05-18T06:26:35Z","updated_at":"2023-02-20T19:24:48Z","private_gists":0,"total_private_repos":98,"owned_private_repos":98,"disk_usage":549256,"collaborators":0,"two_factor_authentication":false,"plan":{"name":"free","space":976562499,"collaborators":0,"private_repos":10000}}
[info] 
[info] +  Success! Logged into GitHub as rudranilbanerjee 
[info] 
